0 info it worked if it ends with ok
1 verbose cli [ '/usr/local/bin/node',
1 verbose cli   '/usr/local/bin/npm',
1 verbose cli   'i',
1 verbose cli   '-g',
1 verbose cli   'vue-cli' ]
2 info using npm@2.15.11
3 info using node@v0.12.18
4 verbose install initial load of /usr/local/lib/package.json
5 verbose readDependencies loading dependencies from /usr/local/lib/package.json
6 silly cache add args [ 'vue-cli', null ]
7 verbose cache add spec vue-cli
8 silly cache add parsed spec { raw: 'vue-cli',
8 silly cache add   scope: null,
8 silly cache add   name: 'vue-cli',
8 silly cache add   rawSpec: '',
8 silly cache add   spec: 'latest',
8 silly cache add   type: 'tag' }
9 silly addNamed vue-cli@latest
10 verbose addNamed "latest" is being treated as a dist-tag for vue-cli
11 info addNameTag [ 'vue-cli', 'latest' ]
12 silly mapToRegistry name vue-cli
13 silly mapToRegistry using default registry
14 silly mapToRegistry registry https://registry.npmjs.org/
15 silly mapToRegistry data { raw: 'vue-cli',
15 silly mapToRegistry   scope: null,
15 silly mapToRegistry   name: 'vue-cli',
15 silly mapToRegistry   rawSpec: '',
15 silly mapToRegistry   spec: 'latest',
15 silly mapToRegistry   type: 'tag' }
16 silly mapToRegistry uri https://registry.npmjs.org/vue-cli
17 verbose addNameTag registry:https://registry.npmjs.org/vue-cli not in flight; fetching
18 verbose request uri https://registry.npmjs.org/vue-cli
19 verbose request no auth needed
20 info attempt registry request try #1 at 2:44:43 PM
21 verbose request id 839b1f162878ce9b
22 verbose etag "5aafb60d-10b40"
23 verbose lastModified Mon, 19 Mar 2018 13:07:25 GMT
24 http request GET https://registry.npmjs.org/vue-cli
25 http 304 https://registry.npmjs.org/vue-cli
26 verbose headers { date: 'Thu, 22 Mar 2018 12:44:44 GMT',
26 verbose headers   via: '1.1 varnish',
26 verbose headers   'cache-control': 'max-age=300',
26 verbose headers   etag: '"5aafb60d-10b40"',
26 verbose headers   age: '6781',
26 verbose headers   connection: 'keep-alive',
26 verbose headers   'x-served-by': 'cache-hhn1532-HHN',
26 verbose headers   'x-cache': 'HIT',
26 verbose headers   'x-cache-hits': '1',
26 verbose headers   'x-timer': 'S1521722684.377181,VS0,VE1',
26 verbose headers   vary: 'Accept-Encoding, Accept' }
27 silly get cb [ 304,
27 silly get   { date: 'Thu, 22 Mar 2018 12:44:44 GMT',
27 silly get     via: '1.1 varnish',
27 silly get     'cache-control': 'max-age=300',
27 silly get     etag: '"5aafb60d-10b40"',
27 silly get     age: '6781',
27 silly get     connection: 'keep-alive',
27 silly get     'x-served-by': 'cache-hhn1532-HHN',
27 silly get     'x-cache': 'HIT',
27 silly get     'x-cache-hits': '1',
27 silly get     'x-timer': 'S1521722684.377181,VS0,VE1',
27 silly get     vary: 'Accept-Encoding, Accept' } ]
28 verbose etag https://registry.npmjs.org/vue-cli from cache
29 verbose get saving vue-cli to /home/bigdrop/.npm/registry.npmjs.org/vue-cli/.cache.json
30 verbose correctMkdir /home/bigdrop/.npm correctMkdir not in flight; initializing
31 silly addNameTag next cb for vue-cli with tag latest
32 silly addNamed vue-cli@2.9.3
33 verbose addNamed "2.9.3" is a plain semver version for vue-cli
34 silly cache afterAdd vue-cli@2.9.3
35 verbose afterAdd /home/bigdrop/.npm/vue-cli/2.9.3/package/package.json not in flight; writing
36 verbose correctMkdir /home/bigdrop/.npm correctMkdir not in flight; initializing
37 verbose afterAdd /home/bigdrop/.npm/vue-cli/2.9.3/package/package.json written
38 silly install resolved [ { name: 'vue-cli',
38 silly install resolved     version: '2.9.3',
38 silly install resolved     description: 'A simple CLI for scaffolding Vue.js projects.',
38 silly install resolved     preferGlobal: true,
38 silly install resolved     bin:
38 silly install resolved      { vue: 'bin/vue',
38 silly install resolved        'vue-init': 'bin/vue-init',
38 silly install resolved        'vue-list': 'bin/vue-list' },
38 silly install resolved     repository: { type: 'git', url: 'git+https://github.com/vuejs/vue-cli.git' },
38 silly install resolved     keywords: [ 'vue', 'cli', 'spa' ],
38 silly install resolved     author: { name: 'Evan You' },
38 silly install resolved     license: 'MIT',
38 silly install resolved     bugs: { url: 'https://github.com/vuejs/vue-cli/issues' },
38 silly install resolved     homepage: 'https://github.com/vuejs/vue-cli#readme',
38 silly install resolved     scripts:
38 silly install resolved      { test: 'npm run lint && npm run e2e',
38 silly install resolved        lint: 'eslint test/e2e/test*.js lib bin/* --env mocha',
38 silly install resolved        e2e: 'rimraf test/e2e/mock-template-build && mocha test/e2e/test.js --slow 1000' },
38 silly install resolved     dependencies:
38 silly install resolved      { async: '^2.4.0',
38 silly install resolved        chalk: '^2.1.0',
38 silly install resolved        commander: '^2.9.0',
38 silly install resolved        consolidate: '^0.14.0',
38 silly install resolved        'download-git-repo': '^1.0.1',
38 silly install resolved        handlebars: '^4.0.5',
38 silly install resolved        inquirer: '^3.3.0',
38 silly install resolved        metalsmith: '^2.1.0',
38 silly install resolved        minimatch: '^3.0.0',
38 silly install resolved        multimatch: '^2.1.0',
38 silly install resolved        ora: '^1.3.0',
38 silly install resolved        'read-metadata': '^1.0.0',
38 silly install resolved        request: '^2.67.0',
38 silly install resolved        rimraf: '^2.5.0',
38 silly install resolved        semver: '^5.1.0',
38 silly install resolved        tildify: '^1.2.0',
38 silly install resolved        uid: '0.0.2',
38 silly install resolved        'user-home': '^2.0.0',
38 silly install resolved        'validate-npm-package-name': '^3.0.0',
38 silly install resolved        'coffee-script': '1.12.7' },
38 silly install resolved     devDependencies:
38 silly install resolved      { chai: '^4.1.2',
38 silly install resolved        eslint: '^3.19.0',
38 silly install resolved        'eslint-plugin-vue-libs': '^1.2.1',
38 silly install resolved        execa: '^0.8.0',
38 silly install resolved        mocha: '^3.5.3' },
38 silly install resolved     engines: { node: '>=6.0.0' },
38 silly install resolved     gitHead: '0c94809c7b63431b800f2bb2815f515a09257878',
38 silly install resolved     _id: 'vue-cli@2.9.3',
38 silly install resolved     _npmVersion: '5.6.0',
38 silly install resolved     _nodeVersion: '8.9.1',
38 silly install resolved     _npmUser: { name: 'yyx990803', email: 'yyx990803@gmail.com' },
38 silly install resolved     dist:
38 silly install resolved      { integrity: 'sha512-cQq8PdQHrLgF2MOzYSy1gN86wyq2kcejVZl2baM2VcGXmFSh6te0wo1JR/4etbeBw9gAxM/Wyuw87FXWKGtJeQ==',
38 silly install resolved        shasum: 'c363ec48a7f55f72b76d90f44c001cc52d2fe0a8',
38 silly install resolved        tarball: 'https://registry.npmjs.org/vue-cli/-/vue-cli-2.9.3.tgz' },
38 silly install resolved     maintainers: [ [Object], [Object], [Object] ],
38 silly install resolved     _npmOperationalInternal:
38 silly install resolved      { host: 's3://npm-registry-packages',
38 silly install resolved        tmp: 'tmp/vue-cli-2.9.3.tgz_1517801792105_0.2134398187045008' },
38 silly install resolved     directories: {},
38 silly install resolved     _shasum: 'c363ec48a7f55f72b76d90f44c001cc52d2fe0a8',
38 silly install resolved     _resolved: 'https://registry.npmjs.org/vue-cli/-/vue-cli-2.9.3.tgz',
38 silly install resolved     _from: 'vue-cli@latest',
38 silly install resolved     readme: 'ERROR: No README data found!' } ]
39 info install vue-cli@2.9.3 into /usr/local/lib
40 info installOne vue-cli@2.9.3
41 verbose installOne of vue-cli to /usr/local/lib not in flight; installing
42 verbose correctMkdir /home/bigdrop/.npm/_locks correctMkdir not in flight; initializing
43 verbose lock using /home/bigdrop/.npm/_locks/vue-cli-baa7602660f62cb8.lock for /usr/local/lib/node_modules/vue-cli
44 warn engine vue-cli@2.9.3: wanted: {"node":">=6.0.0"} (current: {"node":"0.12.18","npm":"2.15.11"})
45 silly install write writing vue-cli 2.9.3 to /usr/local/lib/node_modules/vue-cli
46 verbose unbuild lib/node_modules/vue-cli
47 silly gentlyRm /usr/local/lib/node_modules/vue-cli is being purged from base /usr/local
48 verbose gentlyRm don't care about contents; nuking /usr/local/lib/node_modules/vue-cli
49 verbose tar unpack /home/bigdrop/.npm/vue-cli/2.9.3/package.tgz
50 verbose tar unpacking to /usr/local/lib/node_modules/vue-cli
51 silly gentlyRm /usr/local/lib/node_modules/vue-cli is being purged
52 verbose gentlyRm don't care about contents; nuking /usr/local/lib/node_modules/vue-cli
53 silly gunzTarPerm modes [ '775', '664' ]
54 error tar.unpack untar error /home/bigdrop/.npm/vue-cli/2.9.3/package.tgz
55 verbose unlock done using /home/bigdrop/.npm/_locks/vue-cli-baa7602660f62cb8.lock for /usr/local/lib/node_modules/vue-cli
56 verbose fstream_path /usr/local/lib/node_modules/vue-cli
57 verbose fstream_type Directory
58 verbose fstream_class DirWriter
59 verbose stack Error: EACCES, mkdir '/usr/local/lib/node_modules/vue-cli'
59 verbose stack     at Error (native)
60 verbose fstream_stack /usr/local/lib/node_modules/npm/node_modules/fstream/lib/dir-writer.js:35:25
60 verbose fstream_stack /usr/local/lib/node_modules/npm/node_modules/mkdirp/index.js:47:53
60 verbose fstream_stack FSReqWrap.oncomplete (fs.js:95:15)
61 verbose cwd /var/www/mevnApplication
62 error Linux 4.4.0-116-generic
63 error argv "/usr/local/bin/node" "/usr/local/bin/npm" "i" "-g" "vue-cli"
64 error node v0.12.18
65 error npm  v2.15.11
66 error path /usr/local/lib/node_modules/vue-cli
67 error code EACCES
68 error errno -13
69 error Error: EACCES, mkdir '/usr/local/lib/node_modules/vue-cli'
69 error     at Error (native)
69 error  { [Error: EACCES, mkdir '/usr/local/lib/node_modules/vue-cli']
69 error   errno: -13,
69 error   code: 'EACCES',
69 error   path: '/usr/local/lib/node_modules/vue-cli',
69 error   fstream_type: 'Directory',
69 error   fstream_path: '/usr/local/lib/node_modules/vue-cli',
69 error   fstream_class: 'DirWriter',
69 error   fstream_stack:
69 error    [ '/usr/local/lib/node_modules/npm/node_modules/fstream/lib/dir-writer.js:35:25',
69 error      '/usr/local/lib/node_modules/npm/node_modules/mkdirp/index.js:47:53',
69 error      'FSReqWrap.oncomplete (fs.js:95:15)' ] }
70 error Please try running this command again as root/Administrator.
71 verbose exit [ -13, true ]
72 verbose unbuild lib/node_modules/vue-cli
73 silly gentlyRm /usr/local/lib/node_modules/vue-cli is being purged from base /usr/local
74 verbose gentlyRm don't care about contents; nuking /usr/local/lib/node_modules/vue-cli
